Model Params: 30.03M
Trainable Params: 30.025M
策略模型总参数量：30.025 M
Model Params: 30.03M
Trainable Params: 30.025M
参考模型总参数量：30.025 M
Generating train split: 0 examples [00:00, ? examples/s]Generating train split: 17166 examples [00:00, 167057.45 examples/s]Generating train split: 17166 examples [00:00, 166411.48 examples/s]
Epoch:[1/1](20/4292), loss: 0.6605, dpo_loss: 0.6605, aux_loss: 0.0000, learning_rate: 0.00000004, epoch_time: 9.000min
Epoch:[1/1](40/4292), loss: 0.7569, dpo_loss: 0.7569, aux_loss: 0.0000, learning_rate: 0.00000004, epoch_time: 8.000min
Epoch:[1/1](60/4292), loss: 0.7372, dpo_loss: 0.7372, aux_loss: 0.0000, learning_rate: 0.00000004, epoch_time: 7.000min
Epoch:[1/1](80/4292), loss: 0.7461, dpo_loss: 0.7461, aux_loss: 0.0000, learning_rate: 0.00000004, epoch_time: 7.000min
Epoch:[1/1](100/4292), loss: 0.7487, dpo_loss: 0.7487, aux_loss: 0.0000, learning_rate: 0.00000004, epoch_time: 7.000min
Epoch:[1/1](120/4292), loss: 0.6959, dpo_loss: 0.6959, aux_loss: 0.0000, learning_rate: 0.00000004, epoch_time: 7.000min
Epoch:[1/1](140/4292), loss: 0.6388, dpo_loss: 0.6388, aux_loss: 0.0000, learning_rate: 0.00000004, epoch_time: 7.000min
Epoch:[1/1](160/4292), loss: 0.6330, dpo_loss: 0.6330, aux_loss: 0.0000, learning_rate: 0.00000004, epoch_time: 7.000min
Epoch:[1/1](180/4292), loss: 0.6341, dpo_loss: 0.6341, aux_loss: 0.0000, learning_rate: 0.00000004, epoch_time: 7.000min
Epoch:[1/1](200/4292), loss: 0.6621, dpo_loss: 0.6621, aux_loss: 0.0000, learning_rate: 0.00000004, epoch_time: 7.000min
Epoch:[1/1](220/4292), loss: 0.6613, dpo_loss: 0.6613, aux_loss: 0.0000, learning_rate: 0.00000004, epoch_time: 7.000min
Epoch:[1/1](240/4292), loss: 0.5316, dpo_loss: 0.5316, aux_loss: 0.0000, learning_rate: 0.00000004, epoch_time: 7.000min
Epoch:[1/1](260/4292), loss: 0.5593, dpo_loss: 0.5593, aux_loss: 0.0000, learning_rate: 0.00000004, epoch_time: 7.000min
Epoch:[1/1](280/4292), loss: 0.6307, dpo_loss: 0.6307, aux_loss: 0.0000, learning_rate: 0.00000004, epoch_time: 6.000min
Epoch:[1/1](300/4292), loss: 0.5444, dpo_loss: 0.5444, aux_loss: 0.0000, learning_rate: 0.00000004, epoch_time: 6.000min
Epoch:[1/1](320/4292), loss: 0.6223, dpo_loss: 0.6223, aux_loss: 0.0000, learning_rate: 0.00000004, epoch_time: 6.000min
Epoch:[1/1](340/4292), loss: 0.7375, dpo_loss: 0.7375, aux_loss: 0.0000, learning_rate: 0.00000004, epoch_time: 6.000min
Epoch:[1/1](360/4292), loss: 0.6511, dpo_loss: 0.6511, aux_loss: 0.0000, learning_rate: 0.00000004, epoch_time: 6.000min
Epoch:[1/1](380/4292), loss: 0.7399, dpo_loss: 0.7399, aux_loss: 0.0000, learning_rate: 0.00000004, epoch_time: 6.000min
Epoch:[1/1](400/4292), loss: 0.5622, dpo_loss: 0.5622, aux_loss: 0.0000, learning_rate: 0.00000004, epoch_time: 6.000min
Epoch:[1/1](420/4292), loss: 0.7066, dpo_loss: 0.7066, aux_loss: 0.0000, learning_rate: 0.00000004, epoch_time: 6.000min
Epoch:[1/1](440/4292), loss: 0.7183, dpo_loss: 0.7183, aux_loss: 0.0000, learning_rate: 0.00000004, epoch_time: 6.000min
Epoch:[1/1](460/4292), loss: 0.6751, dpo_loss: 0.6751, aux_loss: 0.0000, learning_rate: 0.00000004, epoch_time: 6.000min
Epoch:[1/1](480/4292), loss: 0.7130, dpo_loss: 0.7130, aux_loss: 0.0000, learning_rate: 0.00000004, epoch_time: 6.000min
Epoch:[1/1](500/4292), loss: 0.5174, dpo_loss: 0.5174, aux_loss: 0.0000, learning_rate: 0.00000004, epoch_time: 6.000min
Epoch:[1/1](520/4292), loss: 0.5536, dpo_loss: 0.5536, aux_loss: 0.0000, learning_rate: 0.00000004, epoch_time: 6.000min
Epoch:[1/1](540/4292), loss: 0.5606, dpo_loss: 0.5606, aux_loss: 0.0000, learning_rate: 0.00000004, epoch_time: 6.000min
Epoch:[1/1](560/4292), loss: 0.6524, dpo_loss: 0.6524, aux_loss: 0.0000, learning_rate: 0.00000004, epoch_time: 6.000min
Epoch:[1/1](580/4292), loss: 0.5286, dpo_loss: 0.5286, aux_loss: 0.0000, learning_rate: 0.00000004, epoch_time: 6.000min
Epoch:[1/1](600/4292), loss: 0.5896, dpo_loss: 0.5896, aux_loss: 0.0000, learning_rate: 0.00000004, epoch_time: 6.000min
Epoch:[1/1](620/4292), loss: 0.6001, dpo_loss: 0.6001, aux_loss: 0.0000, learning_rate: 0.00000004, epoch_time: 6.000min
Epoch:[1/1](640/4292), loss: 0.8213, dpo_loss: 0.8213, aux_loss: 0.0000, learning_rate: 0.00000004, epoch_time: 6.000min
Epoch:[1/1](660/4292), loss: 0.6266, dpo_loss: 0.6266, aux_loss: 0.0000, learning_rate: 0.00000004, epoch_time: 6.000min
Epoch:[1/1](680/4292), loss: 0.6504, dpo_loss: 0.6504, aux_loss: 0.0000, learning_rate: 0.00000004, epoch_time: 6.000min
Epoch:[1/1](700/4292), loss: 0.6785, dpo_loss: 0.6785, aux_loss: 0.0000, learning_rate: 0.00000004, epoch_time: 6.000min
Epoch:[1/1](720/4292), loss: 0.5037, dpo_loss: 0.5037, aux_loss: 0.0000, learning_rate: 0.00000004, epoch_time: 6.000min
Epoch:[1/1](740/4292), loss: 0.7188, dpo_loss: 0.7188, aux_loss: 0.0000, learning_rate: 0.00000004, epoch_time: 6.000min
Epoch:[1/1](760/4292), loss: 0.6605, dpo_loss: 0.6605, aux_loss: 0.0000, learning_rate: 0.00000004, epoch_time: 6.000min
Epoch:[1/1](780/4292), loss: 0.5974, dpo_loss: 0.5974, aux_loss: 0.0000, learning_rate: 0.00000004, epoch_time: 6.000min
Epoch:[1/1](800/4292), loss: 0.6359, dpo_loss: 0.6359, aux_loss: 0.0000, learning_rate: 0.00000004, epoch_time: 6.000min
Epoch:[1/1](820/4292), loss: 0.5758, dpo_loss: 0.5758, aux_loss: 0.0000, learning_rate: 0.00000004, epoch_time: 6.000min
Epoch:[1/1](840/4292), loss: 0.5991, dpo_loss: 0.5991, aux_loss: 0.0000, learning_rate: 0.00000004, epoch_time: 6.000min
Epoch:[1/1](860/4292), loss: 0.8766, dpo_loss: 0.8766, aux_loss: 0.0000, learning_rate: 0.00000004, epoch_time: 5.000min
Epoch:[1/1](880/4292), loss: 0.5866, dpo_loss: 0.5866, aux_loss: 0.0000, learning_rate: 0.00000004, epoch_time: 5.000min
Epoch:[1/1](900/4292), loss: 0.6156, dpo_loss: 0.6156, aux_loss: 0.0000, learning_rate: 0.00000004, epoch_time: 5.000min
Epoch:[1/1](920/4292), loss: 0.6197, dpo_loss: 0.6197, aux_loss: 0.0000, learning_rate: 0.00000004, epoch_time: 5.000min
Epoch:[1/1](940/4292), loss: 0.6419, dpo_loss: 0.6419, aux_loss: 0.0000, learning_rate: 0.00000004, epoch_time: 5.000min
Epoch:[1/1](960/4292), loss: 0.5691, dpo_loss: 0.5691, aux_loss: 0.0000, learning_rate: 0.00000004, epoch_time: 5.000min
Epoch:[1/1](980/4292), loss: 0.7194, dpo_loss: 0.7194, aux_loss: 0.0000, learning_rate: 0.00000004, epoch_time: 5.000min
Epoch:[1/1](1000/4292), loss: 0.5056, dpo_loss: 0.5056, aux_loss: 0.0000, learning_rate: 0.00000004, epoch_time: 5.000min
Epoch:[1/1](1020/4292), loss: 0.6282, dpo_loss: 0.6282, aux_loss: 0.0000, learning_rate: 0.00000004, epoch_time: 5.000min
Epoch:[1/1](1040/4292), loss: 0.6043, dpo_loss: 0.6043, aux_loss: 0.0000, learning_rate: 0.00000004, epoch_time: 5.000min
Epoch:[1/1](1060/4292), loss: 0.6749, dpo_loss: 0.6749, aux_loss: 0.0000, learning_rate: 0.00000003, epoch_time: 5.000min
Epoch:[1/1](1080/4292), loss: 0.5700, dpo_loss: 0.5700, aux_loss: 0.0000, learning_rate: 0.00000003, epoch_time: 5.000min
Epoch:[1/1](1100/4292), loss: 0.7940, dpo_loss: 0.7940, aux_loss: 0.0000, learning_rate: 0.00000003, epoch_time: 5.000min
Epoch:[1/1](1120/4292), loss: 0.6568, dpo_loss: 0.6568, aux_loss: 0.0000, learning_rate: 0.00000003, epoch_time: 5.000min
Epoch:[1/1](1140/4292), loss: 0.8150, dpo_loss: 0.8150, aux_loss: 0.0000, learning_rate: 0.00000003, epoch_time: 5.000min
Epoch:[1/1](1160/4292), loss: 0.5631, dpo_loss: 0.5631, aux_loss: 0.0000, learning_rate: 0.00000003, epoch_time: 5.000min
Epoch:[1/1](1180/4292), loss: 0.6838, dpo_loss: 0.6838, aux_loss: 0.0000, learning_rate: 0.00000003, epoch_time: 5.000min
Epoch:[1/1](1200/4292), loss: 0.5793, dpo_loss: 0.5793, aux_loss: 0.0000, learning_rate: 0.00000003, epoch_time: 5.000min
Epoch:[1/1](1220/4292), loss: 0.6564, dpo_loss: 0.6564, aux_loss: 0.0000, learning_rate: 0.00000003, epoch_time: 5.000min
Epoch:[1/1](1240/4292), loss: 0.5101, dpo_loss: 0.5101, aux_loss: 0.0000, learning_rate: 0.00000003, epoch_time: 5.000min
Epoch:[1/1](1260/4292), loss: 0.6784, dpo_loss: 0.6784, aux_loss: 0.0000, learning_rate: 0.00000003, epoch_time: 5.000min
Epoch:[1/1](1280/4292), loss: 0.6252, dpo_loss: 0.6252, aux_loss: 0.0000, learning_rate: 0.00000003, epoch_time: 5.000min
Epoch:[1/1](1300/4292), loss: 0.5798, dpo_loss: 0.5798, aux_loss: 0.0000, learning_rate: 0.00000003, epoch_time: 5.000min
Epoch:[1/1](1320/4292), loss: 0.5257, dpo_loss: 0.5257, aux_loss: 0.0000, learning_rate: 0.00000003, epoch_time: 5.000min
Epoch:[1/1](1340/4292), loss: 0.6502, dpo_loss: 0.6502, aux_loss: 0.0000, learning_rate: 0.00000003, epoch_time: 5.000min
Epoch:[1/1](1360/4292), loss: 0.7015, dpo_loss: 0.7015, aux_loss: 0.0000, learning_rate: 0.00000003, epoch_time: 5.000min
Epoch:[1/1](1380/4292), loss: 0.6293, dpo_loss: 0.6293, aux_loss: 0.0000, learning_rate: 0.00000003, epoch_time: 5.000min
Epoch:[1/1](1400/4292), loss: 0.9834, dpo_loss: 0.9834, aux_loss: 0.0000, learning_rate: 0.00000003, epoch_time: 5.000min
Epoch:[1/1](1420/4292), loss: 0.5703, dpo_loss: 0.5703, aux_loss: 0.0000, learning_rate: 0.00000003, epoch_time: 5.000min
Epoch:[1/1](1440/4292), loss: 0.5912, dpo_loss: 0.5912, aux_loss: 0.0000, learning_rate: 0.00000003, epoch_time: 5.000min
Epoch:[1/1](1460/4292), loss: 0.5789, dpo_loss: 0.5789, aux_loss: 0.0000, learning_rate: 0.00000003, epoch_time: 5.000min
Epoch:[1/1](1480/4292), loss: 0.5190, dpo_loss: 0.5190, aux_loss: 0.0000, learning_rate: 0.00000003, epoch_time: 4.000min
Epoch:[1/1](1500/4292), loss: 0.7811, dpo_loss: 0.7811, aux_loss: 0.0000, learning_rate: 0.00000003, epoch_time: 4.000min
Epoch:[1/1](1520/4292), loss: 0.5276, dpo_loss: 0.5276, aux_loss: 0.0000, learning_rate: 0.00000003, epoch_time: 5.000min
Epoch:[1/1](1540/4292), loss: 0.4769, dpo_loss: 0.4769, aux_loss: 0.0000, learning_rate: 0.00000003, epoch_time: 4.000min
Epoch:[1/1](1560/4292), loss: 0.5641, dpo_loss: 0.5641, aux_loss: 0.0000, learning_rate: 0.00000003, epoch_time: 4.000min
Epoch:[1/1](1580/4292), loss: 0.6274, dpo_loss: 0.6274, aux_loss: 0.0000, learning_rate: 0.00000003, epoch_time: 4.000min
Epoch:[1/1](1600/4292), loss: 0.6014, dpo_loss: 0.6014, aux_loss: 0.0000, learning_rate: 0.00000003, epoch_time: 4.000min
Epoch:[1/1](1620/4292), loss: 0.5562, dpo_loss: 0.5562, aux_loss: 0.0000, learning_rate: 0.00000003, epoch_time: 4.000min
Epoch:[1/1](1640/4292), loss: 0.7150, dpo_loss: 0.7150, aux_loss: 0.0000, learning_rate: 0.00000003, epoch_time: 4.000min
Epoch:[1/1](1660/4292), loss: 0.5141, dpo_loss: 0.5141, aux_loss: 0.0000, learning_rate: 0.00000003, epoch_time: 4.000min
Epoch:[1/1](1680/4292), loss: 0.6294, dpo_loss: 0.6294, aux_loss: 0.0000, learning_rate: 0.00000003, epoch_time: 4.000min
Epoch:[1/1](1700/4292), loss: 0.6345, dpo_loss: 0.6345, aux_loss: 0.0000, learning_rate: 0.00000003, epoch_time: 4.000min
Epoch:[1/1](1720/4292), loss: 0.5083, dpo_loss: 0.5083, aux_loss: 0.0000, learning_rate: 0.00000003, epoch_time: 4.000min
Epoch:[1/1](1740/4292), loss: 0.5145, dpo_loss: 0.5145, aux_loss: 0.0000, learning_rate: 0.00000003, epoch_time: 4.000min
Epoch:[1/1](1760/4292), loss: 0.6609, dpo_loss: 0.6609, aux_loss: 0.0000, learning_rate: 0.00000003, epoch_time: 4.000min
Epoch:[1/1](1780/4292), loss: 0.5942, dpo_loss: 0.5942, aux_loss: 0.0000, learning_rate: 0.00000003, epoch_time: 4.000min
Epoch:[1/1](1800/4292), loss: 0.5613, dpo_loss: 0.5613, aux_loss: 0.0000, learning_rate: 0.00000003, epoch_time: 4.000min
Epoch:[1/1](1820/4292), loss: 0.6305, dpo_loss: 0.6305, aux_loss: 0.0000, learning_rate: 0.00000003, epoch_time: 4.000min
Epoch:[1/1](1840/4292), loss: 0.5992, dpo_loss: 0.5992, aux_loss: 0.0000, learning_rate: 0.00000003, epoch_time: 4.000min
Epoch:[1/1](1860/4292), loss: 0.6615, dpo_loss: 0.6615, aux_loss: 0.0000, learning_rate: 0.00000003, epoch_time: 4.000min
Epoch:[1/1](1880/4292), loss: 0.6772, dpo_loss: 0.6772, aux_loss: 0.0000, learning_rate: 0.00000003, epoch_time: 4.000min
Epoch:[1/1](1900/4292), loss: 0.6127, dpo_loss: 0.6127, aux_loss: 0.0000, learning_rate: 0.00000003, epoch_time: 4.000min
Epoch:[1/1](1920/4292), loss: 0.6139, dpo_loss: 0.6139, aux_loss: 0.0000, learning_rate: 0.00000002, epoch_time: 4.000min
Epoch:[1/1](1940/4292), loss: 0.6776, dpo_loss: 0.6776, aux_loss: 0.0000, learning_rate: 0.00000002, epoch_time: 4.000min
Epoch:[1/1](1960/4292), loss: 0.5295, dpo_loss: 0.5295, aux_loss: 0.0000, learning_rate: 0.00000002, epoch_time: 4.000min
Epoch:[1/1](1980/4292), loss: 0.6467, dpo_loss: 0.6467, aux_loss: 0.0000, learning_rate: 0.00000002, epoch_time: 4.000min
Epoch:[1/1](2000/4292), loss: 0.6907, dpo_loss: 0.6907, aux_loss: 0.0000, learning_rate: 0.00000002, epoch_time: 4.000min
Epoch:[1/1](2020/4292), loss: 0.6593, dpo_loss: 0.6593, aux_loss: 0.0000, learning_rate: 0.00000002, epoch_time: 4.000min
Epoch:[1/1](2040/4292), loss: 0.6839, dpo_loss: 0.6839, aux_loss: 0.0000, learning_rate: 0.00000002, epoch_time: 4.000min
Epoch:[1/1](2060/4292), loss: 0.5752, dpo_loss: 0.5752, aux_loss: 0.0000, learning_rate: 0.00000002, epoch_time: 4.000min
Epoch:[1/1](2080/4292), loss: 0.6393, dpo_loss: 0.6393, aux_loss: 0.0000, learning_rate: 0.00000002, epoch_time: 4.000min
Epoch:[1/1](2100/4292), loss: 0.6386, dpo_loss: 0.6386, aux_loss: 0.0000, learning_rate: 0.00000002, epoch_time: 3.000min
Epoch:[1/1](2120/4292), loss: 0.5990, dpo_loss: 0.5990, aux_loss: 0.0000, learning_rate: 0.00000002, epoch_time: 3.000min
Epoch:[1/1](2140/4292), loss: 0.5470, dpo_loss: 0.5470, aux_loss: 0.0000, learning_rate: 0.00000002, epoch_time: 3.000min
Epoch:[1/1](2160/4292), loss: 0.5431, dpo_loss: 0.5431, aux_loss: 0.0000, learning_rate: 0.00000002, epoch_time: 3.000min
Epoch:[1/1](2180/4292), loss: 0.6083, dpo_loss: 0.6083, aux_loss: 0.0000, learning_rate: 0.00000002, epoch_time: 3.000min
Epoch:[1/1](2200/4292), loss: 0.5430, dpo_loss: 0.5430, aux_loss: 0.0000, learning_rate: 0.00000002, epoch_time: 3.000min
Epoch:[1/1](2220/4292), loss: 0.5745, dpo_loss: 0.5745, aux_loss: 0.0000, learning_rate: 0.00000002, epoch_time: 3.000min
Epoch:[1/1](2240/4292), loss: 0.5648, dpo_loss: 0.5648, aux_loss: 0.0000, learning_rate: 0.00000002, epoch_time: 3.000min
Epoch:[1/1](2260/4292), loss: 0.4739, dpo_loss: 0.4739, aux_loss: 0.0000, learning_rate: 0.00000002, epoch_time: 3.000min
Epoch:[1/1](2280/4292), loss: 0.7663, dpo_loss: 0.7663, aux_loss: 0.0000, learning_rate: 0.00000002, epoch_time: 3.000min
Epoch:[1/1](2300/4292), loss: 0.7031, dpo_loss: 0.7031, aux_loss: 0.0000, learning_rate: 0.00000002, epoch_time: 3.000min
Epoch:[1/1](2320/4292), loss: 0.5831, dpo_loss: 0.5831, aux_loss: 0.0000, learning_rate: 0.00000002, epoch_time: 3.000min
Epoch:[1/1](2340/4292), loss: 0.6270, dpo_loss: 0.6270, aux_loss: 0.0000, learning_rate: 0.00000002, epoch_time: 3.000min
Epoch:[1/1](2360/4292), loss: 0.4999, dpo_loss: 0.4999, aux_loss: 0.0000, learning_rate: 0.00000002, epoch_time: 3.000min
Epoch:[1/1](2380/4292), loss: 0.5628, dpo_loss: 0.5628, aux_loss: 0.0000, learning_rate: 0.00000002, epoch_time: 3.000min
Epoch:[1/1](2400/4292), loss: 0.5753, dpo_loss: 0.5753, aux_loss: 0.0000, learning_rate: 0.00000002, epoch_time: 3.000min
Epoch:[1/1](2420/4292), loss: 0.3929, dpo_loss: 0.3929, aux_loss: 0.0000, learning_rate: 0.00000002, epoch_time: 3.000min
Epoch:[1/1](2440/4292), loss: 0.5773, dpo_loss: 0.5773, aux_loss: 0.0000, learning_rate: 0.00000002, epoch_time: 3.000min
Epoch:[1/1](2460/4292), loss: 0.5231, dpo_loss: 0.5231, aux_loss: 0.0000, learning_rate: 0.00000002, epoch_time: 3.000min
Epoch:[1/1](2480/4292), loss: 0.6655, dpo_loss: 0.6655, aux_loss: 0.0000, learning_rate: 0.00000002, epoch_time: 3.000min
Epoch:[1/1](2500/4292), loss: 0.7312, dpo_loss: 0.7312, aux_loss: 0.0000, learning_rate: 0.00000002, epoch_time: 3.000min
Epoch:[1/1](2520/4292), loss: 0.6085, dpo_loss: 0.6085, aux_loss: 0.0000, learning_rate: 0.00000002, epoch_time: 3.000min
Epoch:[1/1](2540/4292), loss: 0.5267, dpo_loss: 0.5267, aux_loss: 0.0000, learning_rate: 0.00000002, epoch_time: 3.000min
Epoch:[1/1](2560/4292), loss: 0.5578, dpo_loss: 0.5578, aux_loss: 0.0000, learning_rate: 0.00000002, epoch_time: 3.000min
Epoch:[1/1](2580/4292), loss: 0.5949, dpo_loss: 0.5949, aux_loss: 0.0000, learning_rate: 0.00000002, epoch_time: 3.000min
Epoch:[1/1](2600/4292), loss: 0.7587, dpo_loss: 0.7587, aux_loss: 0.0000, learning_rate: 0.00000002, epoch_time: 3.000min
Epoch:[1/1](2620/4292), loss: 0.5544, dpo_loss: 0.5544, aux_loss: 0.0000, learning_rate: 0.00000002, epoch_time: 3.000min
Epoch:[1/1](2640/4292), loss: 0.6255, dpo_loss: 0.6255, aux_loss: 0.0000, learning_rate: 0.00000002, epoch_time: 3.000min
Epoch:[1/1](2660/4292), loss: 0.5213, dpo_loss: 0.5213, aux_loss: 0.0000, learning_rate: 0.00000002, epoch_time: 2.000min
Epoch:[1/1](2680/4292), loss: 0.3900, dpo_loss: 0.3900, aux_loss: 0.0000, learning_rate: 0.00000002, epoch_time: 2.000min
Epoch:[1/1](2700/4292), loss: 0.5807, dpo_loss: 0.5807, aux_loss: 0.0000, learning_rate: 0.00000001, epoch_time: 2.000min
Epoch:[1/1](2720/4292), loss: 0.7183, dpo_loss: 0.7183, aux_loss: 0.0000, learning_rate: 0.00000001, epoch_time: 2.000min
Epoch:[1/1](2740/4292), loss: 0.5678, dpo_loss: 0.5678, aux_loss: 0.0000, learning_rate: 0.00000001, epoch_time: 2.000min
Epoch:[1/1](2760/4292), loss: 0.7648, dpo_loss: 0.7648, aux_loss: 0.0000, learning_rate: 0.00000001, epoch_time: 2.000min
Epoch:[1/1](2780/4292), loss: 0.5178, dpo_loss: 0.5178, aux_loss: 0.0000, learning_rate: 0.00000001, epoch_time: 2.000min
Epoch:[1/1](2800/4292), loss: 0.5060, dpo_loss: 0.5060, aux_loss: 0.0000, learning_rate: 0.00000001, epoch_time: 2.000min
Epoch:[1/1](2820/4292), loss: 0.6306, dpo_loss: 0.6306, aux_loss: 0.0000, learning_rate: 0.00000001, epoch_time: 2.000min
Epoch:[1/1](2840/4292), loss: 0.8441, dpo_loss: 0.8441, aux_loss: 0.0000, learning_rate: 0.00000001, epoch_time: 2.000min
Epoch:[1/1](2860/4292), loss: 0.5800, dpo_loss: 0.5800, aux_loss: 0.0000, learning_rate: 0.00000001, epoch_time: 2.000min
Epoch:[1/1](2880/4292), loss: 0.6623, dpo_loss: 0.6623, aux_loss: 0.0000, learning_rate: 0.00000001, epoch_time: 2.000min
Epoch:[1/1](2900/4292), loss: 0.6822, dpo_loss: 0.6822, aux_loss: 0.0000, learning_rate: 0.00000001, epoch_time: 2.000min
Epoch:[1/1](2920/4292), loss: 0.7331, dpo_loss: 0.7331, aux_loss: 0.0000, learning_rate: 0.00000001, epoch_time: 2.000min
Epoch:[1/1](2940/4292), loss: 0.5810, dpo_loss: 0.5810, aux_loss: 0.0000, learning_rate: 0.00000001, epoch_time: 2.000min
Epoch:[1/1](2960/4292), loss: 0.6314, dpo_loss: 0.6314, aux_loss: 0.0000, learning_rate: 0.00000001, epoch_time: 2.000min
Epoch:[1/1](2980/4292), loss: 0.5239, dpo_loss: 0.5239, aux_loss: 0.0000, learning_rate: 0.00000001, epoch_time: 2.000min
Epoch:[1/1](3000/4292), loss: 0.6949, dpo_loss: 0.6949, aux_loss: 0.0000, learning_rate: 0.00000001, epoch_time: 2.000min
Epoch:[1/1](3020/4292), loss: 0.6311, dpo_loss: 0.6311, aux_loss: 0.0000, learning_rate: 0.00000001, epoch_time: 2.000min
Epoch:[1/1](3040/4292), loss: 0.6019, dpo_loss: 0.6019, aux_loss: 0.0000, learning_rate: 0.00000001, epoch_time: 2.000min
Epoch:[1/1](3060/4292), loss: 0.5453, dpo_loss: 0.5453, aux_loss: 0.0000, learning_rate: 0.00000001, epoch_time: 2.000min
Epoch:[1/1](3080/4292), loss: 0.6422, dpo_loss: 0.6422, aux_loss: 0.0000, learning_rate: 0.00000001, epoch_time: 2.000min
Epoch:[1/1](3100/4292), loss: 0.6364, dpo_loss: 0.6364, aux_loss: 0.0000, learning_rate: 0.00000001, epoch_time: 2.000min
Epoch:[1/1](3120/4292), loss: 0.5488, dpo_loss: 0.5488, aux_loss: 0.0000, learning_rate: 0.00000001, epoch_time: 2.000min
Epoch:[1/1](3140/4292), loss: 0.7890, dpo_loss: 0.7890, aux_loss: 0.0000, learning_rate: 0.00000001, epoch_time: 2.000min
Epoch:[1/1](3160/4292), loss: 0.6930, dpo_loss: 0.6930, aux_loss: 0.0000, learning_rate: 0.00000001, epoch_time: 2.000min
Epoch:[1/1](3180/4292), loss: 0.5887, dpo_loss: 0.5887, aux_loss: 0.0000, learning_rate: 0.00000001, epoch_time: 2.000min
Epoch:[1/1](3200/4292), loss: 0.6333, dpo_loss: 0.6333, aux_loss: 0.0000, learning_rate: 0.00000001, epoch_time: 1.000min
Epoch:[1/1](3220/4292), loss: 0.4988, dpo_loss: 0.4988, aux_loss: 0.0000, learning_rate: 0.00000001, epoch_time: 1.000min
Epoch:[1/1](3240/4292), loss: 0.6196, dpo_loss: 0.6196, aux_loss: 0.0000, learning_rate: 0.00000001, epoch_time: 1.000min
Epoch:[1/1](3260/4292), loss: 0.6742, dpo_loss: 0.6742, aux_loss: 0.0000, learning_rate: 0.00000001, epoch_time: 1.000min
Epoch:[1/1](3280/4292), loss: 0.6278, dpo_loss: 0.6278, aux_loss: 0.0000, learning_rate: 0.00000001, epoch_time: 1.000min
Epoch:[1/1](3300/4292), loss: 0.6697, dpo_loss: 0.6697, aux_loss: 0.0000, learning_rate: 0.00000001, epoch_time: 1.000min
Epoch:[1/1](3320/4292), loss: 0.6360, dpo_loss: 0.6360, aux_loss: 0.0000, learning_rate: 0.00000001, epoch_time: 1.000min
Epoch:[1/1](3340/4292), loss: 0.7567, dpo_loss: 0.7567, aux_loss: 0.0000, learning_rate: 0.00000001, epoch_time: 1.000min
Epoch:[1/1](3360/4292), loss: 0.7034, dpo_loss: 0.7034, aux_loss: 0.0000, learning_rate: 0.00000001, epoch_time: 1.000min
Epoch:[1/1](3380/4292), loss: 0.6057, dpo_loss: 0.6057, aux_loss: 0.0000, learning_rate: 0.00000001, epoch_time: 1.000min
Epoch:[1/1](3400/4292), loss: 0.6781, dpo_loss: 0.6781, aux_loss: 0.0000, learning_rate: 0.00000001, epoch_time: 1.000min
Epoch:[1/1](3420/4292), loss: 0.7162, dpo_loss: 0.7162, aux_loss: 0.0000, learning_rate: 0.00000001, epoch_time: 1.000min
Epoch:[1/1](3440/4292), loss: 0.5033, dpo_loss: 0.5033, aux_loss: 0.0000, learning_rate: 0.00000001, epoch_time: 1.000min
Epoch:[1/1](3460/4292), loss: 0.6784, dpo_loss: 0.6784, aux_loss: 0.0000, learning_rate: 0.00000001, epoch_time: 1.000min
Epoch:[1/1](3480/4292), loss: 0.6123, dpo_loss: 0.6123, aux_loss: 0.0000, learning_rate: 0.00000001, epoch_time: 1.000min
Epoch:[1/1](3500/4292), loss: 0.4819, dpo_loss: 0.4819, aux_loss: 0.0000, learning_rate: 0.00000001, epoch_time: 1.000min
Epoch:[1/1](3520/4292), loss: 0.5458, dpo_loss: 0.5458, aux_loss: 0.0000, learning_rate: 0.00000001, epoch_time: 1.000min
Epoch:[1/1](3540/4292), loss: 0.6497, dpo_loss: 0.6497, aux_loss: 0.0000, learning_rate: 0.00000001, epoch_time: 1.000min
Epoch:[1/1](3560/4292), loss: 0.5352, dpo_loss: 0.5352, aux_loss: 0.0000, learning_rate: 0.00000001, epoch_time: 1.000min
Epoch:[1/1](3580/4292), loss: 0.5755, dpo_loss: 0.5755, aux_loss: 0.0000, learning_rate: 0.00000001, epoch_time: 1.000min
Epoch:[1/1](3600/4292), loss: 0.7178, dpo_loss: 0.7178, aux_loss: 0.0000, learning_rate: 0.00000001, epoch_time: 1.000min
Epoch:[1/1](3620/4292), loss: 0.6166, dpo_loss: 0.6166, aux_loss: 0.0000, learning_rate: 0.00000001, epoch_time: 1.000min
Epoch:[1/1](3640/4292), loss: 0.5915, dpo_loss: 0.5915, aux_loss: 0.0000, learning_rate: 0.00000001, epoch_time: 1.000min
Epoch:[1/1](3660/4292), loss: 0.5546, dpo_loss: 0.5546, aux_loss: 0.0000, learning_rate: 0.00000001, epoch_time: 1.000min
Epoch:[1/1](3680/4292), loss: 0.4713, dpo_loss: 0.4713, aux_loss: 0.0000, learning_rate: 0.00000001, epoch_time: 1.000min
Epoch:[1/1](3700/4292), loss: 0.6586, dpo_loss: 0.6586, aux_loss: 0.0000, learning_rate: 0.00000001, epoch_time: 1.000min
Epoch:[1/1](3720/4292), loss: 0.4258, dpo_loss: 0.4258, aux_loss: 0.0000, learning_rate: 0.00000001, epoch_time: 1.000min
Epoch:[1/1](3740/4292), loss: 0.6915, dpo_loss: 0.6915, aux_loss: 0.0000, learning_rate: 0.00000001, epoch_time: 1.000min
Epoch:[1/1](3760/4292), loss: 0.6490, dpo_loss: 0.6490, aux_loss: 0.0000, learning_rate: 0.00000001, epoch_time: 0.000min
Epoch:[1/1](3780/4292), loss: 0.7224, dpo_loss: 0.7224, aux_loss: 0.0000, learning_rate: 0.00000001, epoch_time: 0.000min
Epoch:[1/1](3800/4292), loss: 0.5732, dpo_loss: 0.5732, aux_loss: 0.0000, learning_rate: 0.00000001, epoch_time: 0.000min
Epoch:[1/1](3820/4292), loss: 0.5557, dpo_loss: 0.5557, aux_loss: 0.0000, learning_rate: 0.00000001, epoch_time: 0.000min
Epoch:[1/1](3840/4292), loss: 0.5114, dpo_loss: 0.5114, aux_loss: 0.0000, learning_rate: 0.00000000, epoch_time: 0.000min
Epoch:[1/1](3860/4292), loss: 0.7139, dpo_loss: 0.7139, aux_loss: 0.0000, learning_rate: 0.00000000, epoch_time: 0.000min
Epoch:[1/1](3880/4292), loss: 0.6825, dpo_loss: 0.6825, aux_loss: 0.0000, learning_rate: 0.00000000, epoch_time: 0.000min
Epoch:[1/1](3900/4292), loss: 0.4816, dpo_loss: 0.4816, aux_loss: 0.0000, learning_rate: 0.00000000, epoch_time: 0.000min
Epoch:[1/1](3920/4292), loss: 0.6440, dpo_loss: 0.6440, aux_loss: 0.0000, learning_rate: 0.00000000, epoch_time: 0.000min
Epoch:[1/1](3940/4292), loss: 0.6191, dpo_loss: 0.6191, aux_loss: 0.0000, learning_rate: 0.00000000, epoch_time: 0.000min
Epoch:[1/1](3960/4292), loss: 0.6239, dpo_loss: 0.6239, aux_loss: 0.0000, learning_rate: 0.00000000, epoch_time: 0.000min
Epoch:[1/1](3980/4292), loss: 0.6554, dpo_loss: 0.6554, aux_loss: 0.0000, learning_rate: 0.00000000, epoch_time: 0.000min
Epoch:[1/1](4000/4292), loss: 0.6470, dpo_loss: 0.6470, aux_loss: 0.0000, learning_rate: 0.00000000, epoch_time: 0.000min
Epoch:[1/1](4020/4292), loss: 0.5040, dpo_loss: 0.5040, aux_loss: 0.0000, learning_rate: 0.00000000, epoch_time: 0.000min
Epoch:[1/1](4040/4292), loss: 0.7263, dpo_loss: 0.7263, aux_loss: 0.0000, learning_rate: 0.00000000, epoch_time: 0.000min
Epoch:[1/1](4060/4292), loss: 0.6224, dpo_loss: 0.6224, aux_loss: 0.0000, learning_rate: 0.00000000, epoch_time: 0.000min
Epoch:[1/1](4080/4292), loss: 0.6012, dpo_loss: 0.6012, aux_loss: 0.0000, learning_rate: 0.00000000, epoch_time: 0.000min
Epoch:[1/1](4100/4292), loss: 0.6225, dpo_loss: 0.6225, aux_loss: 0.0000, learning_rate: 0.00000000, epoch_time: 0.000min
Epoch:[1/1](4120/4292), loss: 0.6341, dpo_loss: 0.6341, aux_loss: 0.0000, learning_rate: 0.00000000, epoch_time: 0.000min
Epoch:[1/1](4140/4292), loss: 0.6067, dpo_loss: 0.6067, aux_loss: 0.0000, learning_rate: 0.00000000, epoch_time: 0.000min
Epoch:[1/1](4160/4292), loss: 0.6868, dpo_loss: 0.6868, aux_loss: 0.0000, learning_rate: 0.00000000, epoch_time: 0.000min
Epoch:[1/1](4180/4292), loss: 0.6239, dpo_loss: 0.6239, aux_loss: 0.0000, learning_rate: 0.00000000, epoch_time: 0.000min
Epoch:[1/1](4200/4292), loss: 0.7180, dpo_loss: 0.7180, aux_loss: 0.0000, learning_rate: 0.00000000, epoch_time: 0.000min
Epoch:[1/1](4220/4292), loss: 0.7048, dpo_loss: 0.7048, aux_loss: 0.0000, learning_rate: 0.00000000, epoch_time: 0.000min
Epoch:[1/1](4240/4292), loss: 0.5679, dpo_loss: 0.5679, aux_loss: 0.0000, learning_rate: 0.00000000, epoch_time: 0.000min
Epoch:[1/1](4260/4292), loss: 0.6862, dpo_loss: 0.6862, aux_loss: 0.0000, learning_rate: 0.00000000, epoch_time: 0.000min
Epoch:[1/1](4280/4292), loss: 0.5741, dpo_loss: 0.5741, aux_loss: 0.0000, learning_rate: 0.00000000, epoch_time: 0.000min
Epoch:[1/1](4292/4292), loss: 0.3476, dpo_loss: 0.3476, aux_loss: 0.0000, learning_rate: 0.00000000, epoch_time: 0.000min
